Arguments: 
  D:\laragon\bin\nodejs\node-v16.13.1-win-x64\node.exe D:\laragon\bin\nodejs\node-v16.13.1-win-x64\node_modules\yarn\bin\yarn.js

PATH: 
  C:\Users\muham\AppData\Local\Yarn\config\global\node_modules\.bin;C:\Users\muham\AppData\Roaming\npm;C:\Users\muham\AppData\Roaming\Composer\vendor\bin;;D:\laragon\bin\laragon\utils;D:\laragon\bin\mysql\mysql-5.7.24-winx64\bin;D:\laragon\bin\php\php-7.4.20-Win32-vc15-x64;D:\laragon\bin\composer;D:\laragon\bin\apache\httpd-2.4.35-win64-VC15\bin;D:\laragon\bin\redis\redis-x64-3.2.100;D:\laragon\bin\nodejs\node-v16.13.1-win-x64;D:\laragon\bin\nginx\nginx-1.16.0;D:\laragon\bin\notepad++;D:\laragon\bin\telnet;D:\laragon\bin\ngrok;D:\laragon\bin\git\bin;D:\laragon\bin\git\cmd;D:\laragon\bin\git\usr\bin;D:\laragon\bin\git\mingw64\bin;D:\laragon\bin;D:\laragon\usr\bin;D:\laragon\bin\putty;D:\laragon\bin\cmder\bin;D:\laragon\bin\cmder\vendor\conemu-maximus5\ConEmu\Scripts;D:\laragon\bin\cmder\vendor\conemu-maximus5;D:\laragon\bin\cmder\vendor\conemu-maximus5\ConEmu;C:\Program Files (x86)\Common Files\Intel\Shared Libraries\redist\intel64\compiler;C:\Program Files\Common Files\Oracle\Java\javapath;C:\Program Files (x86)\Common Files\Oracle\Java\javapath;C:\Windows\system32;C:\Windows;C:\Windows\System32\Wbem;C:\Windows\System32\WindowsPowerShell\v1.0\;C:\Windows\System32\OpenSSH\;C:\Program Files (x86)\NVIDIA Corporation\PhysX\Common;C:\WINDOWS\system32;C:\WINDOWS;C:\WINDOWS\System32\Wbem;C:\WINDOWS\System32\WindowsPowerShell\v1.0\;C:\WINDOWS\System32\OpenSSH\;C:\Program Files\dotnet\;D:\laragon\bin\php\php-7.2.19-Win32-VC15-x64;C:\ProgramData\ComposerSetup\bin;D:\program data\NodeJS\;D:\xampp5.6\php;D:\program data\putty\;D:\Golang\bin;D:\AndroidStudioSDK\platform-tools;C:\Program Files\Git\cmd;C:\msys64\mingw64\bin;;C:\Program Files\Docker\Docker\resources\bin;C:\ProgramData\DockerDesktop\version-bin;C:\Program Files\NVIDIA Corporation\NVIDIA NvDLISR;D:\program data\spss\JRE\bin;C:\Users\muham\AppData\Local\Yarn\config\global\node_modules\.bin;C:\Users\muham\AppData\Roaming\Composer\vendor\bin;C:\Users\muham\AppData\Roaming\npm;D:\laragon\bin;D:\laragon\bin\apache\httpd-2.4.35-win64-VC15\bin;D:\laragon\bin\composer;D:\laragon\bin\git\bin;D:\laragon\bin\git\cmd;D:\laragon\bin\git\mingw64\bin;D:\laragon\bin\git\usr\bin;D:\laragon\bin\laragon\utils;D:\laragon\bin\mysql\mysql-5.7.24-winx64\bin;D:\laragon\bin\nginx\nginx-1.16.0;D:\laragon\bin\ngrok;D:\laragon\bin\nodejs\node-v16.13.1-win-x64;D:\laragon\bin\notepad++;D:\laragon\bin\php\php-7.4.20-Win32-vc15-x64;D:\laragon\bin\putty;D:\laragon\bin\redis\redis-x64-3.2.100;D:\laragon\bin\telnet;D:\laragon\usr\bin;C:\Users\muham\AppData\Local\Microsoft\WindowsApps;D:\Microsoft VS Code\bin;D:\PhpStorm\PhpStorm 2020.3\bin;C:\Users\muham\AppData\Local\GitHubDesktop\bin;D:\program data\heroku\bin;C:\Users\muham\go\bin;D:\AndroidStudioSDK\platform-tools;C:\msys64\mingw64\bin;D:\flutter\bin;;C:\Program Files\Git\usr\bin;C:\Program Files\Git\usr\share\vim\vim74;D:\laragon\bin\cmder\;

Yarn version: 
  1.22.17

Node version: 
  16.13.1

Platform: 
  win32 x64

Trace: 
  Error: Failed to replace env in config: ${TOKEN}
      at D:\laragon\bin\nodejs\node-v16.13.1-win-x64\node_modules\yarn\lib\cli.js:99004:13
      at String.replace (<anonymous>)
      at envReplace (D:\laragon\bin\nodejs\node-v16.13.1-win-x64\node_modules\yarn\lib\cli.js:98999:16)
      at Function.normalizeConfig (D:\laragon\bin\nodejs\node-v16.13.1-win-x64\node_modules\yarn\lib\cli.js:31930:69)
      at NpmRegistry.<anonymous> (D:\laragon\bin\nodejs\node-v16.13.1-win-x64\node_modules\yarn\lib\cli.js:31960:34)
      at Generator.next (<anonymous>)
      at step (D:\laragon\bin\nodejs\node-v16.13.1-win-x64\node_modules\yarn\lib\cli.js:310:30)
      at D:\laragon\bin\nodejs\node-v16.13.1-win-x64\node_modules\yarn\lib\cli.js:321:13

npm manifest: 
  {
    "dependencies": {
      "@adiwajshing/baileys-md": "github:adiwajshing/baileys#multi-device",
      "express": "^4.17.2"
    },
    "types": "./index.d.ts",
    "name": "wabaileymd",
    "version": "1.0.0",
    "main": "index.js",
    "scripts": {
      "test": "echo \"Error: no test specified\" && exit 1"
    },
    "author": "ghifari",
    "license": "ISC",
    "description": "",
    "devDependencies": {
      "@types/express": "^4.17.13",
      "@types/node": "^17.0.8"
    }
  }

yarn manifest: 
  No manifest

Lockfile: 
  No lockfile
